<?xml version="1.0" encoding="UTF-8"?>
<testsuite name="com.lyit.csd.tests.integration.PortfolioManager_listAssetsByName" tests="4" skipped="0" failures="0" errors="0" timestamp="2022-04-12T17:30:27" hostname="DESKTOP-8CDMI80" time="10.238">
  <properties/>
  <testcase name="testListPortfolioAssetsByName_GivenHeldAsset_ReturnNotNull" classname="com.lyit.csd.tests.integration.PortfolioManager_listAssetsByName" time="0.422"/>
  <testcase name="testListPortfolioAssetsByName_GivenNameNotHeld_ReturnEmptyString" classname="com.lyit.csd.tests.integration.PortfolioManager_listAssetsByName" time="0.543"/>
  <testcase name="testListPortfolioAssetsByName_GivenNoAssets_ReturnsEmptyString" classname="com.lyit.csd.tests.integration.PortfolioManager_listAssetsByName" time="8.503"/>
  <testcase name="testListPortfolioAssetsByName_GivenSymbolNotHeld_ReturnEmptyString" classname="com.lyit.csd.tests.integration.PortfolioManager_listAssetsByName" time="0.77"/>
  <system-out><![CDATA[ Name: 	Apple	Symbol: AAPL		 - Current Price (USD): 168.015		 - % change: 1.3665155		 - $ change: 2.2649994
	  Average price 139.96		Current Units: 20.0




]]></system-out>
  <system-err><![CDATA[Apr 12, 2022 6:30:28 PM okhttp3.internal.platform.Platform log
WARNING: A connection to https://yfapi.net/ was leaked. Did you forget to close a response body? To see where this was allocated, set the OkHttpClient logger level to FINE: Logger.getLogger(OkHttpClient.class.getName()).setLevel(Level.FINE);
Apr 12, 2022 6:30:30 PM okhttp3.internal.platform.Platform log
WARNING: A connection to https://yfapi.net/ was leaked. Did you forget to close a response body? To see where this was allocated, set the OkHttpClient logger level to FINE: Logger.getLogger(OkHttpClient.class.getName()).setLevel(Level.FINE);
Apr 12, 2022 6:30:30 PM okhttp3.internal.platform.Platform log
WARNING: A connection to https://yfapi.net/ was leaked. Did you forget to close a response body? To see where this was allocated, set the OkHttpClient logger level to FINE: Logger.getLogger(OkHttpClient.class.getName()).setLevel(Level.FINE);
Apr 12, 2022 6:30:33 PM okhttp3.internal.platform.Platform log
WARNING: A connection to https://yfapi.net/ was leaked. Did you forget to close a response body? To see where this was allocated, set the OkHttpClient logger level to FINE: Logger.getLogger(OkHttpClient.class.getName()).setLevel(Level.FINE);
Apr 12, 2022 6:30:33 PM okhttp3.internal.platform.Platform log
WARNING: A connection to https://yfapi.net/ was leaked. Did you forget to close a response body? To see where this was allocated, set the OkHttpClient logger level to FINE: Logger.getLogger(OkHttpClient.class.getName()).setLevel(Level.FINE);
Apr 12, 2022 6:30:37 PM okhttp3.internal.platform.Platform log
WARNING: A connection to https://yfapi.net/ was leaked. Did you forget to close a response body? To see where this was allocated, set the OkHttpClient logger level to FINE: Logger.getLogger(OkHttpClient.class.getName()).setLevel(Level.FINE);
]]></system-err>
</testsuite>
