<?xml version="1.0" encoding="UTF-8"?>
<testsuite name="com.lyit.csd.tests.integration.PortfolioManager_ListPortfolioPurchasesInRangeITest" tests="2" skipped="0" failures="0" errors="0" timestamp="2022-04-12T17:29:54" hostname="DESKTOP-8CDMI80" time="0.001">
  <properties/>
  <testcase name="listPortfolioPurchasesInRange_GivenInvalidInput_ReturnsEmptyString" classname="com.lyit.csd.tests.integration.PortfolioManager_ListPortfolioPurchasesInRangeITest" time="0.0"/>
  <testcase name="listPortfolioPurchasesInRange_GivenValidInput_ReturnsText" classname="com.lyit.csd.tests.integration.PortfolioManager_ListPortfolioPurchasesInRangeITest" time="0.001"/>
  <system-out><![CDATA[TSLA purchased 10.0 on 2021-10-01 00:00:00 at $775.22 each 
AAPL purchased 20.0 on 2021-07-05 00:00:00 at $139.96 each 
NVDA purchased 12.0 on 2021-04-14 00:00:00 at $152.77 each 
BTC-USD purchased 0.0445881 on 2021-02-09 00:00:00 at $44854.95 each 

]]></system-out>
  <system-err><![CDATA[Apr 12, 2022 6:29:54 PM okhttp3.internal.platform.Platform log
WARNING: A connection to https://yfapi.net/ was leaked. Did you forget to close a response body? To see where this was allocated, set the OkHttpClient logger level to FINE: Logger.getLogger(OkHttpClient.class.getName()).setLevel(Level.FINE);
]]></system-err>
</testsuite>
