<?xml version="1.0" encoding="UTF-8"?>
<testsuite name="com.lyit.csd.tests.integration.PortfolioManager_getExchangeSummaryITest" tests="2" skipped="0" failures="0" errors="0" timestamp="2022-04-12T17:30:18" hostname="DESKTOP-8CDMI80" time="9.021">
  <properties/>
  <testcase name="getExchangeSummary_PassedInvalidSymbol_ReturnsNull" classname="com.lyit.csd.tests.integration.PortfolioManager_getExchangeSummaryITest" time="1.492"/>
  <testcase name="getExchangeSummary_PassedValidSymbol_ReturnsString" classname="com.lyit.csd.tests.integration.PortfolioManager_getExchangeSummaryITest" time="7.528"/>
  <system-out><![CDATA[]]></system-out>
  <system-err><![CDATA[Apr 12, 2022 6:30:25 PM okhttp3.internal.platform.Platform log
WARNING: A connection to https://yfapi.net/ was leaked. Did you forget to close a response body? To see where this was allocated, set the OkHttpClient logger level to FINE: Logger.getLogger(OkHttpClient.class.getName()).setLevel(Level.FINE);
Apr 12, 2022 6:30:26 PM okhttp3.internal.platform.Platform log
WARNING: A connection to https://yfapi.net/ was leaked. Did you forget to close a response body? To see where this was allocated, set the OkHttpClient logger level to FINE: Logger.getLogger(OkHttpClient.class.getName()).setLevel(Level.FINE);
Apr 12, 2022 6:30:27 PM okhttp3.internal.platform.Platform log
WARNING: A connection to https://yfapi.net/ was leaked. Did you forget to close a response body? To see where this was allocated, set the OkHttpClient logger level to FINE: Logger.getLogger(OkHttpClient.class.getName()).setLevel(Level.FINE);
Apr 12, 2022 6:30:27 PM okhttp3.internal.platform.Platform log
WARNING: A connection to https://yfapi.net/ was leaked. Did you forget to close a response body? To see where this was allocated, set the OkHttpClient logger level to FINE: Logger.getLogger(OkHttpClient.class.getName()).setLevel(Level.FINE);
]]></system-err>
</testsuite>
