<?xml version="1.0" encoding="UTF-8"?>
<testsuite name="com.lyit.csd.tests.integration.PortfolioManager_AddFundsITest" tests="3" skipped="0" failures="0" errors="0" timestamp="2022-04-12T17:24:08" hostname="DESKTOP-8CDMI80" time="0.003">
  <properties/>
  <testcase name="addFunds_NegativeAmount" classname="com.lyit.csd.tests.integration.PortfolioManager_AddFundsITest" time="0.002"/>
  <testcase name="addFunds_ValidTransaction" classname="com.lyit.csd.tests.integration.PortfolioManager_AddFundsITest" time="0.0"/>
  <testcase name="addFunds_ZeroAmount" classname="com.lyit.csd.tests.integration.PortfolioManager_AddFundsITest" time="0.0"/>
  <system-out><![CDATA[]]></system-out>
  <system-err><![CDATA[]]></system-err>
</testsuite>
