<?xml version="1.0" encoding="UTF-8"?>
<testsuite name="com.lyit.csd.tests.integration.PortfolioManager_GetHistoricData" tests="3" skipped="0" failures="0" errors="0" timestamp="2022-04-12T17:26:38" hostname="DESKTOP-8CDMI80" time="86.451">
  <properties/>
  <testcase name="getHistoricData_GivenInvalidSymbols_ReturnsEmptyList" classname="com.lyit.csd.tests.integration.PortfolioManager_GetHistoricData" time="26.414"/>
  <testcase name="getHistoricData_GivenSymbolsOfMixedValidity_ReturnsPartialList" classname="com.lyit.csd.tests.integration.PortfolioManager_GetHistoricData" time="31.057"/>
  <testcase name="getHistoricData_GivenValidSymbols_ReturnsList" classname="com.lyit.csd.tests.integration.PortfolioManager_GetHistoricData" time="28.98"/>
  <system-out><![CDATA[]]></system-out>
  <system-err><![CDATA[]]></system-err>
</testsuite>
