<?xml version="1.0" encoding="UTF-8"?>
<testsuite name="com.lyit.csd.tests.integration.PortfolioManager_ListAllAssetsITest" tests="1" skipped="0" failures="0" errors="0" timestamp="2022-04-12T17:28:15" hostname="DESKTOP-8CDMI80" time="98.994">
  <properties/>
  <testcase name="listAllAssets_ReturnsNotNullString" classname="com.lyit.csd.tests.integration.PortfolioManager_ListAllAssetsITest" time="98.994"/>
  <system-out><![CDATA[]]></system-out>
  <system-err><![CDATA[Apr 12, 2022 6:29:08 PM okhttp3.internal.platform.Platform log
WARNING: A connection to https://yfapi.net/ was leaked. Did you forget to close a response body? To see where this was allocated, set the OkHttpClient logger level to FINE: Logger.getLogger(OkHttpClient.class.getName()).setLevel(Level.FINE);
Apr 12, 2022 6:29:11 PM okhttp3.internal.platform.Platform log
WARNING: A connection to https://yfapi.net/ was leaked. Did you forget to close a response body? To see where this was allocated, set the OkHttpClient logger level to FINE: Logger.getLogger(OkHttpClient.class.getName()).setLevel(Level.FINE);
Apr 12, 2022 6:29:13 PM okhttp3.internal.platform.Platform log
WARNING: A connection to https://yfapi.net/ was leaked. Did you forget to close a response body? To see where this was allocated, set the OkHttpClient logger level to FINE: Logger.getLogger(OkHttpClient.class.getName()).setLevel(Level.FINE);
Apr 12, 2022 6:29:18 PM okhttp3.internal.platform.Platform log
WARNING: A connection to https://yfapi.net/ was leaked. Did you forget to close a response body? To see where this was allocated, set the OkHttpClient logger level to FINE: Logger.getLogger(OkHttpClient.class.getName()).setLevel(Level.FINE);
Apr 12, 2022 6:29:19 PM okhttp3.internal.platform.Platform log
WARNING: A connection to https://yfapi.net/ was leaked. Did you forget to close a response body? To see where this was allocated, set the OkHttpClient logger level to FINE: Logger.getLogger(OkHttpClient.class.getName()).setLevel(Level.FINE);
Apr 12, 2022 6:29:26 PM okhttp3.internal.platform.Platform log
WARNING: A connection to https://yfapi.net/ was leaked. Did you forget to close a response body? To see where this was allocated, set the OkHttpClient logger level to FINE: Logger.getLogger(OkHttpClient.class.getName()).setLevel(Level.FINE);
Apr 12, 2022 6:29:26 PM okhttp3.internal.platform.Platform log
WARNING: A connection to https://yfapi.net/ was leaked. Did you forget to close a response body? To see where this was allocated, set the OkHttpClient logger level to FINE: Logger.getLogger(OkHttpClient.class.getName()).setLevel(Level.FINE);
Apr 12, 2022 6:29:28 PM okhttp3.internal.platform.Platform log
WARNING: A connection to https://yfapi.net/ was leaked. Did you forget to close a response body? To see where this was allocated, set the OkHttpClient logger level to FINE: Logger.getLogger(OkHttpClient.class.getName()).setLevel(Level.FINE);
Apr 12, 2022 6:29:28 PM okhttp3.internal.platform.Platform log
WARNING: A connection to https://yfapi.net/ was leaked. Did you forget to close a response body? To see where this was allocated, set the OkHttpClient logger level to FINE: Logger.getLogger(OkHttpClient.class.getName()).setLevel(Level.FINE);
Apr 12, 2022 6:29:30 PM okhttp3.internal.platform.Platform log
WARNING: A connection to https://yfapi.net/ was leaked. Did you forget to close a response body? To see where this was allocated, set the OkHttpClient logger level to FINE: Logger.getLogger(OkHttpClient.class.getName()).setLevel(Level.FINE);
Apr 12, 2022 6:29:33 PM okhttp3.internal.platform.Platform log
WARNING: A connection to https://yfapi.net/ was leaked. Did you forget to close a response body? To see where this was allocated, set the OkHttpClient logger level to FINE: Logger.getLogger(OkHttpClient.class.getName()).setLevel(Level.FINE);
Apr 12, 2022 6:29:34 PM okhttp3.internal.platform.Platform log
WARNING: A connection to https://yfapi.net/ was leaked. Did you forget to close a response body? To see where this was allocated, set the OkHttpClient logger level to FINE: Logger.getLogger(OkHttpClient.class.getName()).setLevel(Level.FINE);
Apr 12, 2022 6:29:35 PM okhttp3.internal.platform.Platform log
WARNING: A connection to https://yfapi.net/ was leaked. Did you forget to close a response body? To see where this was allocated, set the OkHttpClient logger level to FINE: Logger.getLogger(OkHttpClient.class.getName()).setLevel(Level.FINE);
Apr 12, 2022 6:29:35 PM okhttp3.internal.platform.Platform log
WARNING: A connection to https://yfapi.net/ was leaked. Did you forget to close a response body? To see where this was allocated, set the OkHttpClient logger level to FINE: Logger.getLogger(OkHttpClient.class.getName()).setLevel(Level.FINE);
Apr 12, 2022 6:29:36 PM okhttp3.internal.platform.Platform log
WARNING: A connection to https://yfapi.net/ was leaked. Did you forget to close a response body? To see where this was allocated, set the OkHttpClient logger level to FINE: Logger.getLogger(OkHttpClient.class.getName()).setLevel(Level.FINE);
Apr 12, 2022 6:29:38 PM okhttp3.internal.platform.Platform log
WARNING: A connection to https://yfapi.net/ was leaked. Did you forget to close a response body? To see where this was allocated, set the OkHttpClient logger level to FINE: Logger.getLogger(OkHttpClient.class.getName()).setLevel(Level.FINE);
Apr 12, 2022 6:29:40 PM okhttp3.internal.platform.Platform log
WARNING: A connection to https://yfapi.net/ was leaked. Did you forget to close a response body? To see where this was allocated, set the OkHttpClient logger level to FINE: Logger.getLogger(OkHttpClient.class.getName()).setLevel(Level.FINE);
Apr 12, 2022 6:29:41 PM okhttp3.internal.platform.Platform log
WARNING: A connection to https://yfapi.net/ was leaked. Did you forget to close a response body? To see where this was allocated, set the OkHttpClient logger level to FINE: Logger.getLogger(OkHttpClient.class.getName()).setLevel(Level.FINE);
Apr 12, 2022 6:29:42 PM okhttp3.internal.platform.Platform log
WARNING: A connection to https://yfapi.net/ was leaked. Did you forget to close a response body? To see where this was allocated, set the OkHttpClient logger level to FINE: Logger.getLogger(OkHttpClient.class.getName()).setLevel(Level.FINE);
Apr 12, 2022 6:29:48 PM okhttp3.internal.platform.Platform log
WARNING: A connection to https://yfapi.net/ was leaked. Did you forget to close a response body? To see where this was allocated, set the OkHttpClient logger level to FINE: Logger.getLogger(OkHttpClient.class.getName()).setLevel(Level.FINE);
Apr 12, 2022 6:29:50 PM okhttp3.internal.platform.Platform log
WARNING: A connection to https://yfapi.net/ was leaked. Did you forget to close a response body? To see where this was allocated, set the OkHttpClient logger level to FINE: Logger.getLogger(OkHttpClient.class.getName()).setLevel(Level.FINE);
Apr 12, 2022 6:29:52 PM okhttp3.internal.platform.Platform log
WARNING: A connection to https://yfapi.net/ was leaked. Did you forget to close a response body? To see where this was allocated, set the OkHttpClient logger level to FINE: Logger.getLogger(OkHttpClient.class.getName()).setLevel(Level.FINE);
Apr 12, 2022 6:29:54 PM okhttp3.internal.platform.Platform log
WARNING: A connection to https://yfapi.net/ was leaked. Did you forget to close a response body? To see where this was allocated, set the OkHttpClient logger level to FINE: Logger.getLogger(OkHttpClient.class.getName()).setLevel(Level.FINE);
]]></system-err>
</testsuite>
