<?xml version="1.0" encoding="UTF-8"?>
<testsuite name="com.lyit.csd.tests.integration.PortfolioManager_GetAssetQuoteITest" tests="2" skipped="0" failures="0" errors="0" timestamp="2022-04-12T17:25:07" hostname="DESKTOP-8CDMI80" time="42.285">
  <properties/>
  <testcase name="getAssetQuote_GivenInvalidSymbol_ReturnsNull" classname="com.lyit.csd.tests.integration.PortfolioManager_GetAssetQuoteITest" time="13.131"/>
  <testcase name="getAssetQuote_GivenValidSymbol_ReturnsValidAssetQuote" classname="com.lyit.csd.tests.integration.PortfolioManager_GetAssetQuoteITest" time="29.154"/>
  <system-out><![CDATA[]]></system-out>
  <system-err><![CDATA[]]></system-err>
</testsuite>
