<?xml version="1.0" encoding="UTF-8"?>
<testsuite name="com.lyit.csd.tests.integration.PortfolioManager_SellAssetITest" tests="2" skipped="0" failures="0" errors="0" timestamp="2022-04-12T17:30:18" hostname="DESKTOP-8CDMI80" time="0.561">
  <properties/>
  <testcase name="sellAsset_SellMoreThanOwned_ReturnFalse" classname="com.lyit.csd.tests.integration.PortfolioManager_SellAssetITest" time="0.001"/>
  <testcase name="sellAsset_singleUnit_happyPath" classname="com.lyit.csd.tests.integration.PortfolioManager_SellAssetITest" time="0.56"/>
  <system-out><![CDATA[]]></system-out>
  <system-err><![CDATA[]]></system-err>
</testsuite>
