<?xml version="1.0" encoding="UTF-8"?>
<testsuite name="com.lyit.csd.tests.integration.PortfolioManager_GetAssetQuotesITest" tests="4" skipped="0" failures="0" errors="0" timestamp="2022-04-12T17:25:49" hostname="DESKTOP-8CDMI80" time="48.374">
  <properties/>
  <testcase name="getAssetQuotes_GivenEmptySymbolList_ReturnsEmptyList" classname="com.lyit.csd.tests.integration.PortfolioManager_GetAssetQuotesITest" time="35.867"/>
  <testcase name="getAssetQuotes_GivenInvalidSymbols_ReturnsNull" classname="com.lyit.csd.tests.integration.PortfolioManager_GetAssetQuotesITest" time="1.994"/>
  <testcase name="getAssetQuotes_GivenMixedInputOfMixedValidity_ReturnsPartialList" classname="com.lyit.csd.tests.integration.PortfolioManager_GetAssetQuotesITest" time="4.585"/>
  <testcase name="getAssetQuotes_GivenValidSymbols_ReturnsList" classname="com.lyit.csd.tests.integration.PortfolioManager_GetAssetQuotesITest" time="5.925"/>
  <system-out><![CDATA[]]></system-out>
  <system-err><![CDATA[]]></system-err>
</testsuite>
